<?xml version="1.0" encoding="UTF-8" ?>
<testsuite tests="21" failures="0" name="pkgPokerBLL.Hand_Test" time="0.072" errors="0" skipped="0">
  <properties>
    <property name="java.runtime.name" value="Java(TM) SE Runtime Environment"/>
    <property name="sun.boot.library.path" value="C:\Program Files\Java\jdk1.8.0_121\jre\bin"/>
    <property name="java.vm.version" value="25.121-b13"/>
    <property name="java.vm.vendor" value="Oracle Corporation"/>
    <property name="maven.multiModuleProjectDirectory" value="C:\Users\samue\git\lab4\BallysBLL"/>
    <property name="java.vendor.url" value="http://java.oracle.com/"/>
    <property name="path.separator" value=";"/>
    <property name="guice.disable.misplaced.annotation.check" value="true"/>
    <property name="java.vm.name" value="Java HotSpot(TM) 64-Bit Server VM"/>
    <property name="file.encoding.pkg" value="sun.io"/>
    <property name="user.script" value=""/>
    <property name="user.country" value="US"/>
    <property name="sun.java.launcher" value="SUN_STANDARD"/>
    <property name="sun.os.patch.level" value=""/>
    <property name="java.vm.specification.name" value="Java Virtual Machine Specification"/>
    <property name="user.dir" value="C:\Users\samue\git\lab4\BallysBLL"/>
    <property name="java.runtime.version" value="1.8.0_121-b13"/>
    <property name="java.awt.graphicsenv" value="sun.awt.Win32GraphicsEnvironment"/>
    <property name="java.endorsed.dirs" value="C:\Program Files\Java\jdk1.8.0_121\jre\lib\endorsed"/>
    <property name="os.arch" value="amd64"/>
    <property name="java.io.tmpdir" value="C:\Users\samue\AppData\Local\Temp\"/>
    <property name="line.separator" value="
"/>
    <property name="java.vm.specification.vendor" value="Oracle Corporation"/>
    <property name="user.variant" value=""/>
    <property name="os.name" value="Windows 10"/>
    <property name="classworlds.conf" value="D:\WorkSpace\lab4-1\.metadata\.plugins\org.eclipse.m2e.launching\launches\m2conf3570506153899196303.tmp"/>
    <property name="sun.jnu.encoding" value="Cp1252"/>
    <property name="java.library.path" value="C:\Program Files\Java\jdk1.8.0_121\bin;C:\Windows\Sun\Java\bin;C:\Windows\system32;C:\Windows;C:/Program Files/Java/jre1.8.0_121/bin/server;C:/Program Files/Java/jre1.8.0_121/bin;C:/Program Files/Java/jre1.8.0_121/lib/amd64;C:\ProgramData\Oracle\Java\javapath;C:\Windows\system32;C:\Windows;C:\Windows\System32\Wbem;C:\Windows\System32\WindowsPowerShell\v1.0\;C:\Program Files\Intel\WiFi\bin\;C:\Program Files\Common Files\Intel\WirelessCommon\;C:\Program Files\Microsoft SQL Server\130\Tools\Binn\;C:\Program Files\Java\jdk1.8.0_121\bin;C:\Program Files\Java\jdk1.8.0_112\bin;C:\Users\samue\Desktop\eclipse;;."/>
    <property name="java.specification.name" value="Java Platform API Specification"/>
    <property name="java.class.version" value="52.0"/>
    <property name="sun.management.compiler" value="HotSpot 64-Bit Tiered Compilers"/>
    <property name="os.version" value="10.0"/>
    <property name="user.home" value="C:\Users\samue"/>
    <property name="user.timezone" value="America/New_York"/>
    <property name="java.awt.printerjob" value="sun.awt.windows.WPrinterJob"/>
    <property name="java.specification.version" value="1.8"/>
    <property name="file.encoding" value="Cp1252"/>
    <property name="user.name" value="samue"/>
    <property name="java.class.path" value="/C:/Users/samue/Desktop/eclipse/plugins/org.eclipse.m2e.maven.runtime_1.7.0.20160603-1931/jars/plexus-classworlds-2.5.2.jar"/>
    <property name="java.vm.specification.version" value="1.8"/>
    <property name="sun.arch.data.model" value="64"/>
    <property name="java.home" value="C:\Program Files\Java\jdk1.8.0_121\jre"/>
    <property name="sun.java.command" value="org.codehaus.plexus.classworlds.launcher.Launcher -B clean install"/>
    <property name="java.specification.vendor" value="Oracle Corporation"/>
    <property name="user.language" value="en"/>
    <property name="awt.toolkit" value="sun.awt.windows.WToolkit"/>
    <property name="java.vm.info" value="mixed mode"/>
    <property name="java.version" value="1.8.0_121"/>
    <property name="java.ext.dirs" value="C:\Program Files\Java\jdk1.8.0_121\jre\lib\ext;C:\Windows\Sun\Java\lib\ext"/>
    <property name="sun.boot.class.path" value="C:\Program Files\Java\jdk1.8.0_121\jre\lib\resources.jar;C:\Program Files\Java\jdk1.8.0_121\jre\lib\rt.jar;C:\Program Files\Java\jdk1.8.0_121\jre\lib\sunrsasign.jar;C:\Program Files\Java\jdk1.8.0_121\jre\lib\jsse.jar;C:\Program Files\Java\jdk1.8.0_121\jre\lib\jce.jar;C:\Program Files\Java\jdk1.8.0_121\jre\lib\charsets.jar;C:\Program Files\Java\jdk1.8.0_121\jre\lib\jfr.jar;C:\Program Files\Java\jdk1.8.0_121\jre\classes"/>
    <property name="java.vendor" value="Oracle Corporation"/>
    <property name="maven.home" value="C:\Users\samue\git\lab4\BallysBLL\EMBEDDED"/>
    <property name="file.separator" value="\"/>
    <property name="java.vendor.url.bug" value="http://bugreport.sun.com/bugreport/"/>
    <property name="sun.cpu.endian" value="little"/>
    <property name="sun.io.unicode.encoding" value="UnicodeLittle"/>
    <property name="sun.desktop" value="windows"/>
    <property name="sun.cpu.isalist" value="amd64"/>
  </properties>
  <testcase classname="pkgPokerBLL.Hand_Test" name="HighCard" time="0.032"/>
  <testcase classname="pkgPokerBLL.Hand_Test" name="TestRodyalFlush" time="0"/>
  <testcase classname="pkgPokerBLL.Hand_Test" name="TestStraightFlush" time="0"/>
  <testcase classname="pkgPokerBLL.Hand_Test" name="TestFourOfAKind" time="0"/>
  <testcase classname="pkgPokerBLL.Hand_Test" name="TestFourOfAKind2" time="0.001"/>
  <testcase classname="pkgPokerBLL.Hand_Test" name="Pair1" time="0"/>
  <testcase classname="pkgPokerBLL.Hand_Test" name="Pair2" time="0.001"/>
  <testcase classname="pkgPokerBLL.Hand_Test" name="Pair3" time="0.001"/>
  <testcase classname="pkgPokerBLL.Hand_Test" name="Pair4" time="0.005"/>
  <testcase classname="pkgPokerBLL.Hand_Test" name="ThreeOfAKind1" time="0.002"/>
  <testcase classname="pkgPokerBLL.Hand_Test" name="ThreeOfAKind2" time="0"/>
  <testcase classname="pkgPokerBLL.Hand_Test" name="ThreeOfAKind3" time="0"/>
  <testcase classname="pkgPokerBLL.Hand_Test" name="TestFlush" time="0.008"/>
  <testcase classname="pkgPokerBLL.Hand_Test" name="TestStraight1" time="0.004"/>
  <testcase classname="pkgPokerBLL.Hand_Test" name="TestStraight2" time="0.001"/>
  <testcase classname="pkgPokerBLL.Hand_Test" name="TestStraight3" time="0.009"/>
  <testcase classname="pkgPokerBLL.Hand_Test" name="TestFullHouse1" time="0.002"/>
  <testcase classname="pkgPokerBLL.Hand_Test" name="TestFullHouse2" time="0.002"/>
  <testcase classname="pkgPokerBLL.Hand_Test" name="TwoPair1" time="0.001"/>
  <testcase classname="pkgPokerBLL.Hand_Test" name="TwoPair2" time="0.002"/>
  <testcase classname="pkgPokerBLL.Hand_Test" name="TwoPair3" time="0.001"/>
</testsuite>